Arguments: 
  /usr/local/Cellar/node/11.3.0_1/bin/node /usr/local/bin/yarn publish

PATH: 
  /Library/Frameworks/Python.framework/Versions/3.6/bin:/usr/local/Cellar/postgresql/10.6/bin:/opt/apache-maven-3.6.0/bin:/Users/tux/.local/bin/luna-studio:/usr/local/bin:/usr/bin:/bin:/usr/sbin:/sbin:/opt/X11/bin:/Library/Frameworks/Mono.framework/Versions/Current/Commands

Yarn version: 
  0.24.6

Node version: 
  11.3.0

Platform: 
  darwin x64

npm manifest: 
  {
    "name": "lorawan-phy",
    "version": "0.0.5",
    "description": "Copy of the LoRaWAN PHY spec in machine-readable form",
    "main": "regions.json",
    "scripts": {
      "test": "echo \"Error: no test specified\" && exit 1"
    },
    "repository": {
      "type": "git",
      "url": "git+https://github.com/ZennerIoT/LoRaWAN-PHY.git"
    },
    "keywords": [
      "lorawan"
    ],
    "author": "narrowtux",
    "license": "MIT",
    "bugs": {
      "url": "https://github.com/ZennerIoT/LoRaWAN-PHY/issues"
    },
    "homepage": "https://github.com/ZennerIoT/LoRaWAN-PHY#readme"
  }

yarn manifest: 
  No manifest

Lockfile: 
  No lockfile

Trace: 
  Error: https://registry.yarnpkg.com/lorawan-phy: You must be logged in to publish packages.
      at Request.params.callback [as _callback] (/usr/local/lib/node_modules/yarn/lib/util/request-manager.js:326:18)
      at Request.self.callback (/usr/local/lib/node_modules/yarn/node_modules/request/request.js:188:22)
      at Request.emit (events.js:182:13)
      at Request.<anonymous> (/usr/local/lib/node_modules/yarn/node_modules/request/request.js:1171:10)
      at Request.emit (events.js:182:13)
      at IncomingMessage.<anonymous> (/usr/local/lib/node_modules/yarn/node_modules/request/request.js:1091:12)
      at Object.onceWrapper (events.js:273:13)
      at IncomingMessage.emit (events.js:187:15)
      at endReadableNT (_stream_readable.js:1098:12)
      at process.internalTickCallback (internal/process/next_tick.js:72:19)
